<?xml version="1.0" encoding="UTF-8"?>
<Site BuildName="Win32-mingw32-make"
	BuildStamp="20230617-1528-Experimental"
	Name="DESKTOP-E4O26RM"
	Generator="ctest-3.21.1"
	CompilerName="C:/msys64/mingw64/bin/g++.exe"
	CompilerVersion="12.2.0"
	OSName="Windows"
	Hostname="DESKTOP-E4O26RM"
	OSRelease=" Personal"
	OSVersion=" (Build 22621)"
	OSPlatform="AMD64"
	Is64Bits="1"
	VendorString="GenuineIntel"
	VendorID="Intel Corporation"
	FamilyID="6"
	ModelID="14"
	ProcessorCacheSize="-1"
	NumberOfLogicalCPU="12"
	NumberOfPhysicalCPU="6"
	TotalVirtualMemory="34660"
	TotalPhysicalMemory="32612"
	LogicalProcessorsPerPhysical="2"
	ProcessorClockFrequency="2597"
	>
	<Testing>
		<StartDateTime>Jun 17 12:49 Eastern Daylight Time</StartDateTime>
		<StartTestTime>1687020566</StartTestTime>
		<TestList/>
		<EndDateTime>Jun 17 12:49 Eastern Daylight Time</EndDateTime>
		<EndTestTime>1687020566</EndTestTime>
		<ElapsedMinutes>0</ElapsedMinutes>
	</Testing>
</Site>
